<?xml version="1.0" encoding="UTF-8"?>
<testng-results ignored="0" total="6" passed="6" failed="0" skipped="0">
  <reporter-output>
  </reporter-output>
  <suite started-at="2022-07-13T17:43:55 IST" name="DB Support" finished-at="2022-07-13T17:45:40 IST" duration-ms="104884">
    <groups>
    </groups>
    <test started-at="2022-07-13T17:43:55 IST" name="Test" finished-at="2022-07-13T17:45:40 IST" duration-ms="104884">
      <class name="testcases_Class.VerifyLoginFunctionality">
        <test-method is-config="true" signature="setup()[pri:0, instance:testcases_Class.VerifyLoginFunctionality@2e4b8173]" started-at="2022-07-13T17:43:57 IST" name="setup" finished-at="2022-07-13T17:44:13 IST" duration-ms="16026" status="PASS">
          <reporter-output>
          </reporter-output>
        </test-method> <!-- setup -->
        <test-method signature="launchUrl()[pri:1, instance:testcases_Class.VerifyLoginFunctionality@2e4b8173]" started-at="2022-07-13T17:44:13 IST" name="launchUrl" finished-at="2022-07-13T17:45:13 IST" duration-ms="60005" status="PASS">
          <reporter-output>
          </reporter-output>
        </test-method> <!-- launchUrl -->
        <test-method signature="writeEmailAddress()[pri:2, instance:testcases_Class.VerifyLoginFunctionality@2e4b8173]" started-at="2022-07-13T17:45:13 IST" name="writeEmailAddress" finished-at="2022-07-13T17:45:16 IST" duration-ms="2809" status="PASS">
          <reporter-output>
          </reporter-output>
        </test-method> <!-- writeEmailAddress -->
        <test-method signature="writePassword()[pri:3, instance:testcases_Class.VerifyLoginFunctionality@2e4b8173]" started-at="2022-07-13T17:45:16 IST" name="writePassword" finished-at="2022-07-13T17:45:16 IST" duration-ms="403" status="PASS">
          <reporter-output>
          </reporter-output>
        </test-method> <!-- writePassword -->
        <test-method signature="clickLoginButton()[pri:4, instance:testcases_Class.VerifyLoginFunctionality@2e4b8173]" started-at="2022-07-13T17:45:16 IST" name="clickLoginButton" finished-at="2022-07-13T17:45:33 IST" duration-ms="16085" status="PASS">
          <reporter-output>
          </reporter-output>
        </test-method> <!-- clickLoginButton -->
        <test-method signature="titleVerify()[pri:5, instance:testcases_Class.VerifyLoginFunctionality@2e4b8173]" started-at="2022-07-13T17:45:33 IST" name="titleVerify" finished-at="2022-07-13T17:45:33 IST" duration-ms="307" status="PASS">
          <reporter-output>
          </reporter-output>
        </test-method> <!-- titleVerify -->
        <test-method signature="logOut()[pri:6, instance:testcases_Class.VerifyLoginFunctionality@2e4b8173]" started-at="2022-07-13T17:45:33 IST" name="logOut" finished-at="2022-07-13T17:45:35 IST" duration-ms="2287" status="PASS">
          <reporter-output>
          </reporter-output>
        </test-method> <!-- logOut -->
        <test-method is-config="true" signature="tearDown()[pri:0, instance:testcases_Class.VerifyLoginFunctionality@2e4b8173]" started-at="2022-07-13T17:45:35 IST" name="tearDown" finished-at="2022-07-13T17:45:40 IST" duration-ms="4339" status="PASS">
          <reporter-output>
          </reporter-output>
        </test-method> <!-- tearDown -->
      </class> <!-- testcases_Class.VerifyLoginFunctionality -->
    </test> <!-- Test -->
  </suite> <!-- DB Support -->
</testng-results>
