<?xml version="1.0" encoding="UTF-8"?>
<!-- Generated by org.testng.reporters.JUnitXMLReporter -->
<testsuite ignored="0" hostname="DESKTOP-VVKKGCO" failures="0" tests="6" name="Test" time="104.884" errors="0" timestamp="2022-07-13T17:45:40 IST">
  <testcase classname="testcases_Class.VerifyLoginFunctionality" name="launchUrl" time="60.005"/>
  <testcase classname="testcases_Class.VerifyLoginFunctionality" name="writeEmailAddress" time="2.809"/>
  <testcase classname="testcases_Class.VerifyLoginFunctionality" name="writePassword" time="0.403"/>
  <testcase classname="testcases_Class.VerifyLoginFunctionality" name="clickLoginButton" time="16.085"/>
  <testcase classname="testcases_Class.VerifyLoginFunctionality" name="titleVerify" time="0.307"/>
  <testcase classname="testcases_Class.VerifyLoginFunctionality" name="logOut" time="2.287"/>
</testsuite> <!-- Test -->
